<?xml version="1.0" encoding="UTF-8"?>
<testsuite name="com.library.app.category.services.impl.CategoryServicesUTest" time="0.092" tests="15" errors="0" skipped="0" failures="0">
  <properties>
    <property name="java.runtime.name" value="Java(TM) SE Runtime Environment"/>
    <property name="sun.boot.library.path" value="c:\dc\programs\jdk\jre\bin"/>
    <property name="java.vm.version" value="25.162-b12"/>
    <property name="java.vm.vendor" value="Oracle Corporation"/>
    <property name="maven.multiModuleProjectDirectory" value="C:\GitHub\Jee-course"/>
    <property name="java.vendor.url" value="http://java.oracle.com/"/>
    <property name="path.separator" value=";"/>
    <property name="guice.disable.misplaced.annotation.check" value="true"/>
    <property name="java.vm.name" value="Java HotSpot(TM) 64-Bit Server VM"/>
    <property name="file.encoding.pkg" value="sun.io"/>
    <property name="user.script" value=""/>
    <property name="user.country" value="US"/>
    <property name="sun.java.launcher" value="SUN_STANDARD"/>
    <property name="sun.os.patch.level" value=""/>
    <property name="java.vm.specification.name" value="Java Virtual Machine Specification"/>
    <property name="user.dir" value="C:\GitHub\Jee-course"/>
    <property name="java.runtime.version" value="1.8.0_162-b12"/>
    <property name="java.awt.graphicsenv" value="sun.awt.Win32GraphicsEnvironment"/>
    <property name="java.endorsed.dirs" value="c:\dc\programs\jdk\jre\lib\endorsed"/>
    <property name="os.arch" value="amd64"/>
    <property name="java.io.tmpdir" value="C:\Users\chaddap\AppData\Local\Temp\"/>
    <property name="line.separator" value="&#10;"/>
    <property name="java.vm.specification.vendor" value="Oracle Corporation"/>
    <property name="user.variant" value=""/>
    <property name="os.name" value="Windows 10"/>
    <property name="classworlds.conf" value="C:\apache-maven-3.5.0\bin\..\bin\m2.conf"/>
    <property name="sun.jnu.encoding" value="Cp1252"/>
    <property name="java.library.path" value="c:\dc\programs\jdk\bin;C:\WINDOWS\Sun\Java\bin;C:\WINDOWS\system32;C:\WINDOWS;C:\Program Files\Docker\Docker\Resources\bin\;C:\Program Files\Microsoft MPI\Bin\;C:\Program Files (x86)\Intel\iCLS Client\;C:\Program Files\Intel\iCLS Client\;C:\ProgramData\Oracle\Java\javapath\;C:\WINDOWS\system32\;C:\WINDOWS\;C:\WINDOWS\System32\Wbem\;C:\WINDOWS\System32\WindowsPowerShell\v1.0\;c:\dc\programs\python;c:\dc\programs\appserver-admin-core\bin\;c:\dc\winapps\bin\;c:\dc\bin\;C:\Program Files (x86)\OpenText\Viewer\bin\;C:\Program Files (x86)\Intel\Intel(R) Management Engine Components\DAL\;C:\Program Files\Intel\Intel(R) Management Engine Components\DAL\;C:\Program Files (x86)\Intel\Intel(R) Management Engine Components\IPT\;C:\Program Files\Intel\Intel(R) Management Engine Components\IPT\;C:\Program Files (x86)\Microsoft SQL Server\130\Tools\Binn\;C:\Program Files\Microsoft SQL Server\130\Tools\Binn\;C:\Program Files (x86)\Microsoft SQL Server\130\DTS\Binn\;C:\Program Files\Microsoft SQL Server\130\DTS\Binn\;C:\Program Files\Microsoft SQL Server\Client SDK\ODBC\130\Tools\Binn\;C:\Program Files\Java\jdk1.8.0_77\;C:\apache-maven-3.5.0\bin\;C:\Program Files\Git\cmd\;C:\spe\Programs\apps\;C:\Program Files\Microsoft DNX\Dnvm\;C:\Program Files\Microsoft SQL Server\120\Tools\Binn\;C:\Program Files\TortoiseSVN\bin\;C:\spe\Programs\python\;C:\Program Files (x86)\Microsoft SQL Server\Client SDK\ODBC\130\Tools\Binn\;C:\Program Files (x86)\Microsoft SQL Server\140\Tools\Binn\;C:\Program Files (x86)\Microsoft SQL Server\140\DTS\Binn\;C:\Program Files (x86)\Microsoft SQL Server\140\Tools\Binn\ManagementStudio\;C:\Program Files\Microsoft SQL Server\110\Tools\Binn\;C:\spe\Programs\python\;C:\Program Files\TortoiseGit\bin;C:\Users\chaddap\AppData\Local\Microsoft\WindowsApps;C:\Users\chaddap\AppData\Local\Programs\Fiddler;C:\Users\chaddap\AppData\Local\Microsoft\WindowsApps;C:\Users\chaddap\AppData\Local\GitHubDesktop\bin;."/>
    <property name="maven.conf" value="C:\apache-maven-3.5.0\bin\../conf"/>
    <property name="java.specification.name" value="Java Platform API Specification"/>
    <property name="java.class.version" value="52.0"/>
    <property name="sun.management.compiler" value="HotSpot 64-Bit Tiered Compilers"/>
    <property name="os.version" value="10.0"/>
    <property name="library.jansi.path" value="C:\apache-maven-3.5.0\bin\..\lib\jansi-native\windows64"/>
    <property name="user.home" value="C:\Users\chaddap"/>
    <property name="user.timezone" value="America/New_York"/>
    <property name="java.awt.printerjob" value="sun.awt.windows.WPrinterJob"/>
    <property name="java.specification.version" value="1.8"/>
    <property name="file.encoding" value="Cp1252"/>
    <property name="user.name" value="chaddap"/>
    <property name="java.class.path" value="C:\apache-maven-3.5.0\bin\..\boot\plexus-classworlds-2.5.2.jar"/>
    <property name="java.vm.specification.version" value="1.8"/>
    <property name="sun.arch.data.model" value="64"/>
    <property name="java.home" value="c:\dc\programs\jdk\jre"/>
    <property name="sun.java.command" value="org.codehaus.plexus.classworlds.launcher.Launcher clean install"/>
    <property name="java.specification.vendor" value="Oracle Corporation"/>
    <property name="user.language" value="en"/>
    <property name="awt.toolkit" value="sun.awt.windows.WToolkit"/>
    <property name="java.vm.info" value="mixed mode"/>
    <property name="java.version" value="1.8.0_162"/>
    <property name="java.ext.dirs" value="c:\dc\programs\jdk\jre\lib\ext;C:\WINDOWS\Sun\Java\lib\ext"/>
    <property name="sun.boot.class.path" value="c:\dc\programs\jdk\jre\lib\resources.jar;c:\dc\programs\jdk\jre\lib\rt.jar;c:\dc\programs\jdk\jre\lib\sunrsasign.jar;c:\dc\programs\jdk\jre\lib\jsse.jar;c:\dc\programs\jdk\jre\lib\jce.jar;c:\dc\programs\jdk\jre\lib\charsets.jar;c:\dc\programs\jdk\jre\lib\jfr.jar;c:\dc\programs\jdk\jre\classes"/>
    <property name="sun.stderr.encoding" value="cp437"/>
    <property name="java.vendor" value="Oracle Corporation"/>
    <property name="maven.home" value="C:\apache-maven-3.5.0\bin\.."/>
    <property name="file.separator" value="\"/>
    <property name="java.vendor.url.bug" value="http://bugreport.sun.com/bugreport/"/>
    <property name="sun.cpu.endian" value="little"/>
    <property name="sun.io.unicode.encoding" value="UnicodeLittle"/>
    <property name="sun.stdout.encoding" value="cp437"/>
    <property name="sun.desktop" value="windows"/>
    <property name="sun.cpu.isalist" value="amd64"/>
  </properties>
  <testcase name="updateCategoryWithShortName" classname="com.library.app.category.services.impl.CategoryServicesUTest" time="0.038"/>
  <testcase name="updateCategoryNotFound" classname="com.library.app.category.services.impl.CategoryServicesUTest" time="0.015"/>
  <testcase name="findAllNoCategories" classname="com.library.app.category.services.impl.CategoryServicesUTest" time="0"/>
  <testcase name="addCategoryWithShortName" classname="com.library.app.category.services.impl.CategoryServicesUTest" time="0"/>
  <testcase name="updateCategoryWithLongName" classname="com.library.app.category.services.impl.CategoryServicesUTest" time="0"/>
  <testcase name="addValidCategory" classname="com.library.app.category.services.impl.CategoryServicesUTest" time="0"/>
  <testcase name="updateValidCategory" classname="com.library.app.category.services.impl.CategoryServicesUTest" time="0.016"/>
  <testcase name="findAllCategories" classname="com.library.app.category.services.impl.CategoryServicesUTest" time="0"/>
  <testcase name="updateWithNullName" classname="com.library.app.category.services.impl.CategoryServicesUTest" time="0"/>
  <testcase name="findCategoryById" classname="com.library.app.category.services.impl.CategoryServicesUTest" time="0"/>
  <testcase name="addCategoryWithLongName" classname="com.library.app.category.services.impl.CategoryServicesUTest" time="0.017"/>
  <testcase name="addCategoryWithExistentName" classname="com.library.app.category.services.impl.CategoryServicesUTest" time="0.004"/>
  <testcase name="addCategoryWithNullName" classname="com.library.app.category.services.impl.CategoryServicesUTest" time="0.002"/>
  <testcase name="updateCategoryWithExistentName" classname="com.library.app.category.services.impl.CategoryServicesUTest" time="0"/>
  <testcase name="findCategoryByIdNotFound" classname="com.library.app.category.services.impl.CategoryServicesUTest" time="0"/>
</testsuite>